Timeout: 450 seconds
Heap restriction: 1024 MB
Command: (./plan prob-0-PR/neg-O/pr-domain.pddl prob-0-PR/neg-O/pr-problem.pddl pr-problem.res) >> pr-problem-0-neg-O.log 2>&1

1. Running translator
Parsing...
Instantiating...
Starting instantiation [251 rules]...
Finding invariants...
86 initial candidates
Traceback (most recent call last):
  File "./lama/translate/translate.py", line 381, in <module>
    sas_task = pddl_to_sas(task)
  File "./lama/translate/translate.py", line 292, in pddl_to_sas
    partial_encoding=USE_PARTIAL_ENCODING)
  File "/home/tchakra2/prob-plan-recognition/lama/translate/fact_groups.py", line 123, in compute_groups
    groups = invariant_finder.get_groups(task)
  File "/home/tchakra2/prob-plan-recognition/lama/translate/invariant_finder.py", line 145, in get_groups
    return list(useful_groups(invariants, task.init))
  File "/home/tchakra2/prob-plan-recognition/lama/translate/invariant_finder.py", line 124, in useful_groups
    for invariant in invariants:
  File "/home/tchakra2/prob-plan-recognition/lama/translate/invariant_finder.py", line 119, in find_invariants
    if candidate.check_balance(balance_checker, enqueue_func):
  File "/home/tchakra2/prob-plan-recognition/lama/translate/invariants.py", line 165, in check_balance
    if not self.check_action_balance(balance_checker, action, enqueue_func):
  File "/home/tchakra2/prob-plan-recognition/lama/translate/invariants.py", line 180, in check_action_balance
    if not self.find_matching_del_effect(part, eff, del_effects, enqueue_func):
  File "/home/tchakra2/prob-plan-recognition/lama/translate/invariants.py", line 193, in find_matching_del_effect
    for match in part.possible_matches(add_effect.literal, del_eff.literal):
  File "/home/tchakra2/prob-plan-recognition/lama/translate/invariants.py", line 122, in possible_matches
    for mapping in self.possible_mappings(own_literal, other_literal):
  File "/home/tchakra2/prob-plan-recognition/lama/translate/invariants.py", line 106, in possible_mappings
    other_arg_to_pos = invert_list(other_literal.args)
  File "/home/tchakra2/prob-plan-recognition/lama/translate/invariants.py", line 66, in invert_list
    for pos, arg in enumerate(alist):
KeyboardInterrupt
