Timeout: 887 seconds
Heap restriction: 1024 MB
Command: (./plan prob-0-PR/O/pr-domain.pddl prob-0-PR/O/pr-problem.pddl pr-problem.res) >> pr-problem-0-O.log 2>&1

1. Running translator
Parsing...
Instantiating...
Starting instantiation [223 rules]...
Finding invariants...
78 initial candidates
Instantiating groups...
Choosing groups...
32 uncovered facts
Building translation key...
Building STRIPS to SAS dictionary...
Translating task...
Processing axioms...
Detecting unreachable propositions... 4 propositions removed.
Writing output...
Done!
2. Running preprocessor
Building causal graph...
The causal graph is not acyclic.
7 variables of 38 necessary
61 of 70 operators necessary.
0 of 0 axiom rules necessary.
Building domain transition graphs...
solveable in poly time 0
Building successor generator...
Writing output...
done

3. Running search
Simplifying transitions... done!
Initializing HSP/FF heuristic...
Simplifying 142 unary operators... done! [142 unary operators]
Reading invariants from file...
File successfully deleted
done
Generating landmarks using the RPG/SAS+ approach
approx. reasonable orders
approx. obedient reasonable orders
Removed 0 reasonable or obedient reasonable orders
Generated 10 landmarks, of which 0 are disjunctive
          12 edges
4 initial landmarks, 3 goal landmarks
Landmarks generation time: 0 seconds
Search iteration 1
Using the following heuristic(s):
FF heuristic with preferred operators
Landmark heuristic with preferred operators
Initializing HSP/FF heuristic...
Simplifying 142 unary operators... done! [142 unary operators]
Initializing landmarks count heuristic...
Conducting best first search.
Best heuristic value: 11/14 [expanded 1 state(s)]
Best heuristic value: 9/14 [expanded 2 state(s)]
Best heuristic value: 9/12 [expanded 3 state(s)]
Best heuristic value: 7/10 [expanded 4 state(s)]
Best heuristic value: 5/10 [expanded 5 state(s)]
Best heuristic value: 5/8 [expanded 10 state(s)]
Best heuristic value: 5/6 [expanded 11 state(s)]
Best heuristic value: 3/4 [expanded 12 state(s)]
Best heuristic value: 1/2 [expanded 13 state(s)]
Solution found!
explain_obs_move_human_room5_hall5_1  (1)
move_reverse_human_hall5_room5  (1)
move_human_room5_hall1  (1)
move_human_hall1_hall2  (1)
move_reverse_human_hall2_room2  (1)
pick_up_medkit_human_mk1_room2  (1)
move_human_room2_hall2  (1)
move_reverse_human_hall2_hall1  (1)
move_reverse_human_hall1_room1  (1)
conduct_triage_human_room1  (1)
drop_off_human_mk1_room1  (1)
Plan length: 11 step(s), cost: 11.
Expanded 14 state(s).
Generated 34 state(s).
Search time: 0 seconds
Total time: 0 seconds
Search iteration 2
Using the following heuristic(s):
FF heuristic with preferred operators
Landmark heuristic with preferred operators
Initializing landmarks count heuristic...
Conducting weighted A* search, weight is 5, bound is 11.
Best heuristic value: 11/14 [expanded 1 state(s)]
Best heuristic value: 9/14 [expanded 2 state(s)]
Best heuristic value: 9/12 [expanded 3 state(s)]
Best heuristic value: 7/10 [expanded 4 state(s)]
Best heuristic value: 5/10 [expanded 5 state(s)]
Best heuristic value: 5/8 [expanded 10 state(s)]
Best heuristic value: 5/6 [expanded 11 state(s)]
Best heuristic value: 3/4 [expanded 12 state(s)]
Best heuristic value: 1/2 [expanded 13 state(s)]
Completely explored state space -- no solution!
Expanded 179 state(s).
Generated 457 state(s).
Search time: 0 seconds
Total time: 0 seconds

Time spent: 11.480 seconds
